<?xml version="1.0" encoding="UTF-8"?>
<testng-results skipped="0" failed="0" ignored="0" total="1" passed="1">
  <reporter-output>
  </reporter-output>
  <suite name="Default suite" duration-ms="185984" started-at="2020-02-01T22:21:08Z" finished-at="2020-02-01T22:24:14Z">
    <groups>
    </groups>
    <test name="Default test" duration-ms="185984" started-at="2020-02-01T22:21:08Z" finished-at="2020-02-01T22:24:14Z">
      <class name="Debijonkorf.Test.AddToCartTest">
        <test-method status="PASS" signature="StartDriver()[pri:0, instance:Debijonkorf.Test.AddToCartTest@5700d6b1]" name="StartDriver" is-config="true" duration-ms="16126" started-at="2020-02-01T22:20:52Z" finished-at="2020-02-01T22:21:08Z">
          <reporter-output>
          </reporter-output>
        </test-method> <!-- StartDriver -->
        <test-method status="PASS" signature="f()[pri:0, instance:Debijonkorf.Test.AddToCartTest@5700d6b1]" name="f" duration-ms="185970" started-at="2020-02-01T22:21:08Z" finished-at="2020-02-01T22:24:14Z">
          <reporter-output>
          </reporter-output>
        </test-method> <!-- f -->
      </class> <!-- Debijonkorf.Test.AddToCartTest -->
    </test> <!-- Default test -->
  </suite> <!-- Default suite -->
</testng-results>
